2025-04-13 00:19:48.600  INFO 30804 --- [main] edu.cuit.jead.demo4.Demo4Application     : Starting Demo4Application using Java 18.0.2.1 on DESKTOP-ONPK3FH with PID 30804 (D:\Spring Boot\demo4\target\classes started by 18080 in D:\Spring Boot\demo4)
2025-04-13 00:19:48.618 DEBUG 30804 --- [main] edu.cuit.jead.demo4.Demo4Application     : Running with Spring Boot v2.6.13, Spring v5.3.23
2025-04-13 00:19:48.619  INFO 30804 --- [main] edu.cuit.jead.demo4.Demo4Application     : No active profile set, falling back to 1 default profile: "default"
2025-04-13 00:19:49.233  INFO 30804 --- [main] .s.d.r.c.RepositoryConfigurationDelegate : Multiple Spring Data modules found, entering strict repository configuration mode
2025-04-13 00:19:49.236  INFO 30804 --- [main] .s.d.r.c.RepositoryConfigurationDelegate : Bootstrapping Spring Data Redis repositories in DEFAULT mode.
2025-04-13 00:19:49.273  INFO 30804 --- [main] .s.d.r.c.RepositoryConfigurationDelegate : Finished Spring Data repository scanning in 9 ms. Found 0 Redis repository interfaces.
2025-04-13 00:19:49.869  INFO 30804 --- [main] o.s.b.w.embedded.tomcat.TomcatWebServer  : Tomcat initialized with port(s): 8080 (http)
2025-04-13 00:19:49.878  INFO 30804 --- [main] o.apache.catalina.core.StandardService   : Starting service [Tomcat]
2025-04-13 00:19:49.880  INFO 30804 --- [main] org.apache.catalina.core.StandardEngine  : Starting Servlet engine: [Apache Tomcat/9.0.68]
2025-04-13 00:19:49.973  INFO 30804 --- [main] o.a.c.c.C.[Tomcat].[localhost].[/]       : Initializing Spring embedded WebApplicationContext
2025-04-13 00:19:49.974  INFO 30804 --- [main] w.s.c.ServletWebServerApplicationContext : Root WebApplicationContext: initialization completed in 1288 ms
2025-04-13 00:19:50.823  INFO 30804 --- [main] o.s.b.a.w.s.WelcomePageHandlerMapping    : Adding welcome page: class path resource [static/index.html]
2025-04-13 00:19:51.018  INFO 30804 --- [main] o.s.b.w.embedded.tomcat.TomcatWebServer  : Tomcat started on port(s): 8080 (http) with context path ''
2025-04-13 00:19:51.029  INFO 30804 --- [main] edu.cuit.jead.demo4.Demo4Application     : Started Demo4Application in 2.808 seconds (JVM running for 3.38)
2025-04-13 00:20:19.093  INFO 30804 --- [http-nio-8080-exec-1] o.a.c.c.C.[Tomcat].[localhost].[/]       : Initializing Spring DispatcherServlet 'dispatcherServlet'
2025-04-13 00:20:19.094  INFO 30804 --- [http-nio-8080-exec-1] o.s.web.servlet.DispatcherServlet        : Initializing Servlet 'dispatcherServlet'
2025-04-13 00:20:19.096  INFO 30804 --- [http-nio-8080-exec-1] o.s.web.servlet.DispatcherServlet        : Completed initialization in 2 ms
2025-04-13 00:20:19.266  INFO 30804 --- [http-nio-8080-exec-1] com.zaxxer.hikari.HikariDataSource       : HikariPool-1 - Starting...
2025-04-13 00:20:19.871  INFO 30804 --- [http-nio-8080-exec-1] com.zaxxer.hikari.HikariDataSource       : HikariPool-1 - Start completed.
2025-04-13 00:20:19.891 DEBUG 30804 --- [http-nio-8080-exec-1] e.c.j.d.mapper.UserMapper.selectList     : ==>  Preparing: SELECT uid,name,gender,intro,city,photo FROM user WHERE (gender = ?)
2025-04-13 00:20:19.943 DEBUG 30804 --- [http-nio-8080-exec-1] e.c.j.d.mapper.UserMapper.selectList     : ==> Parameters: FEMALE(String)
2025-04-13 00:20:19.993 DEBUG 30804 --- [http-nio-8080-exec-1] e.c.j.d.mapper.UserMapper.selectList     : <==      Total: 1
2025-04-13 00:20:20.010  INFO 30804 --- [http-nio-8080-exec-1] e.c.jead.demo4.service.UserServiceImpl   : Retrieved all users: [User(uid=7, name=Miku, gender=FEMALE, intro=Miku~, city=TOKEYO, photo=/upload/20240330_003824.jpg)]
2025-04-13 00:20:20.011  INFO 30804 --- [http-nio-8080-exec-1] e.c.j.demo4.controller.UserController    : Retrieved all users: [User(uid=7, name=Miku, gender=FEMALE, intro=Miku~, city=TOKEYO, photo=/upload/20240330_003824.jpg)]
2025-04-13 00:21:21.304 DEBUG 30804 --- [http-nio-8080-exec-3] e.c.j.d.mapper.UserMapper.selectList     : ==>  Preparing: SELECT uid,name,gender,intro,city,photo FROM user
2025-04-13 00:21:21.305 DEBUG 30804 --- [http-nio-8080-exec-3] e.c.j.d.mapper.UserMapper.selectList     : ==> Parameters: 
2025-04-13 00:21:21.341 DEBUG 30804 --- [http-nio-8080-exec-3] e.c.j.d.mapper.UserMapper.selectList     : <==      Total: 2
2025-04-13 00:21:21.343  INFO 30804 --- [http-nio-8080-exec-3] e.c.jead.demo4.service.UserServiceImpl   : Retrieved all users: [User(uid=7, name=Miku, gender=FEMALE, intro=Miku~, city=TOKEYO, photo=/upload/20240330_003824.jpg), User(uid=8, name=John Doe, gender=MALE, intro=JD, city=BEIJING, photo=/upload/20240330_003824.jpg)]
2025-04-13 00:21:21.343  INFO 30804 --- [http-nio-8080-exec-3] e.c.j.demo4.controller.UserController    : Retrieved all users: [User(uid=7, name=Miku, gender=FEMALE, intro=Miku~, city=TOKEYO, photo=/upload/20240330_003824.jpg), User(uid=8, name=John Doe, gender=MALE, intro=JD, city=BEIJING, photo=/upload/20240330_003824.jpg)]
2025-04-13 00:21:57.516 DEBUG 30804 --- [http-nio-8080-exec-7] e.c.j.d.mapper.UserMapper.selectList     : ==>  Preparing: SELECT uid,name,gender,intro,city,photo FROM user
2025-04-13 00:21:57.518 DEBUG 30804 --- [http-nio-8080-exec-7] e.c.j.d.mapper.UserMapper.selectList     : ==> Parameters: 
2025-04-13 00:21:57.521 DEBUG 30804 --- [http-nio-8080-exec-7] e.c.j.d.mapper.UserMapper.selectList     : <==      Total: 2
2025-04-13 00:21:57.522  INFO 30804 --- [http-nio-8080-exec-7] e.c.jead.demo4.service.UserServiceImpl   : Retrieved all users: [User(uid=7, name=Miku, gender=FEMALE, intro=Miku~, city=TOKEYO, photo=/upload/20240330_003824.jpg), User(uid=8, name=John Doe, gender=MALE, intro=JD, city=BEIJING, photo=/upload/20240330_003824.jpg)]
2025-04-13 00:21:57.523  INFO 30804 --- [http-nio-8080-exec-7] e.c.j.demo4.controller.UserController    : Retrieved all users: [User(uid=7, name=Miku, gender=FEMALE, intro=Miku~, city=TOKEYO, photo=/upload/20240330_003824.jpg), User(uid=8, name=John Doe, gender=MALE, intro=JD, city=BEIJING, photo=/upload/20240330_003824.jpg)]
2025-04-13 00:22:15.401 DEBUG 30804 --- [http-nio-8080-exec-8] e.c.j.d.mapper.UserMapper.selectList     : ==>  Preparing: SELECT uid,name,gender,intro,city,photo FROM user
2025-04-13 00:22:15.402 DEBUG 30804 --- [http-nio-8080-exec-8] e.c.j.d.mapper.UserMapper.selectList     : ==> Parameters: 
2025-04-13 00:22:15.406 DEBUG 30804 --- [http-nio-8080-exec-8] e.c.j.d.mapper.UserMapper.selectList     : <==      Total: 2
2025-04-13 00:22:15.408  INFO 30804 --- [http-nio-8080-exec-8] e.c.jead.demo4.service.UserServiceImpl   : Retrieved all users: [User(uid=7, name=Miku, gender=FEMALE, intro=Miku~, city=TOKEYO, photo=/upload/20240330_003824.jpg), User(uid=8, name=John Doe, gender=MALE, intro=JD, city=BEIJING, photo=/upload/20240330_003824.jpg)]
2025-04-13 00:22:15.410  INFO 30804 --- [http-nio-8080-exec-8] e.c.j.demo4.controller.UserController    : Retrieved all users: [User(uid=7, name=Miku, gender=FEMALE, intro=Miku~, city=TOKEYO, photo=/upload/20240330_003824.jpg), User(uid=8, name=John Doe, gender=MALE, intro=JD, city=BEIJING, photo=/upload/20240330_003824.jpg)]
2025-04-13 00:22:44.056 DEBUG 30804 --- [http-nio-8080-exec-9] e.c.j.d.mapper.UserMapper.selectList     : ==>  Preparing: SELECT uid,name,gender,intro,city,photo FROM user
2025-04-13 00:22:44.058 DEBUG 30804 --- [http-nio-8080-exec-9] e.c.j.d.mapper.UserMapper.selectList     : ==> Parameters: 
2025-04-13 00:22:44.063 DEBUG 30804 --- [http-nio-8080-exec-9] e.c.j.d.mapper.UserMapper.selectList     : <==      Total: 2
2025-04-13 00:22:44.064  INFO 30804 --- [http-nio-8080-exec-9] e.c.jead.demo4.service.UserServiceImpl   : Retrieved all users: [User(uid=7, name=Miku, gender=FEMALE, intro=Miku~, city=TOKEYO, photo=/upload/20240330_003824.jpg), User(uid=8, name=John Doe, gender=MALE, intro=JD, city=BEIJING, photo=/upload/20240330_003824.jpg)]
2025-04-13 00:22:44.064  INFO 30804 --- [http-nio-8080-exec-9] e.c.j.demo4.controller.UserController    : Retrieved all users: [User(uid=7, name=Miku, gender=FEMALE, intro=Miku~, city=TOKEYO, photo=/upload/20240330_003824.jpg), User(uid=8, name=John Doe, gender=MALE, intro=JD, city=BEIJING, photo=/upload/20240330_003824.jpg)]
2025-04-13 00:23:37.106 DEBUG 30804 --- [http-nio-8080-exec-10] e.c.j.d.mapper.UserMapper.selectList     : ==>  Preparing: SELECT uid,name,gender,intro,city,photo FROM user
2025-04-13 00:23:37.107 DEBUG 30804 --- [http-nio-8080-exec-10] e.c.j.d.mapper.UserMapper.selectList     : ==> Parameters: 
2025-04-13 00:23:37.110 DEBUG 30804 --- [http-nio-8080-exec-10] e.c.j.d.mapper.UserMapper.selectList     : <==      Total: 2
2025-04-13 00:23:37.111  INFO 30804 --- [http-nio-8080-exec-10] e.c.jead.demo4.service.UserServiceImpl   : Retrieved all users: [User(uid=7, name=Miku, gender=FEMALE, intro=Miku~, city=TOKEYO, photo=/upload/20240330_003824.jpg), User(uid=8, name=John Doe, gender=MALE, intro=JD, city=BEIJING, photo=/upload/20240330_003824.jpg)]
2025-04-13 00:23:37.112  INFO 30804 --- [http-nio-8080-exec-10] e.c.j.demo4.controller.UserController    : Retrieved all users: [User(uid=7, name=Miku, gender=FEMALE, intro=Miku~, city=TOKEYO, photo=/upload/20240330_003824.jpg), User(uid=8, name=John Doe, gender=MALE, intro=JD, city=BEIJING, photo=/upload/20240330_003824.jpg)]
2025-04-13 00:24:13.739 DEBUG 30804 --- [http-nio-8080-exec-5] e.c.j.d.mapper.UserMapper.selectList     : ==>  Preparing: SELECT uid,name,gender,intro,city,photo FROM user
2025-04-13 00:24:13.740 DEBUG 30804 --- [http-nio-8080-exec-5] e.c.j.d.mapper.UserMapper.selectList     : ==> Parameters: 
2025-04-13 00:24:13.743 DEBUG 30804 --- [http-nio-8080-exec-5] e.c.j.d.mapper.UserMapper.selectList     : <==      Total: 2
2025-04-13 00:24:13.744  INFO 30804 --- [http-nio-8080-exec-5] e.c.jead.demo4.service.UserServiceImpl   : Retrieved all users: [User(uid=7, name=Miku, gender=FEMALE, intro=Miku~, city=TOKEYO, photo=/upload/20240330_003824.jpg), User(uid=8, name=John Doe, gender=MALE, intro=JD, city=BEIJING, photo=/upload/20240330_003824.jpg)]
2025-04-13 00:24:13.744  INFO 30804 --- [http-nio-8080-exec-5] e.c.j.demo4.controller.UserController    : Retrieved all users: [User(uid=7, name=Miku, gender=FEMALE, intro=Miku~, city=TOKEYO, photo=/upload/20240330_003824.jpg), User(uid=8, name=John Doe, gender=MALE, intro=JD, city=BEIJING, photo=/upload/20240330_003824.jpg)]
2025-04-13 00:24:40.950 DEBUG 30804 --- [http-nio-8080-exec-1] e.c.j.d.mapper.UserMapper.selectById     : ==>  Preparing: SELECT uid,name,gender,intro,city,photo FROM user WHERE uid=?
2025-04-13 00:24:40.956 DEBUG 30804 --- [http-nio-8080-exec-1] e.c.j.d.mapper.UserMapper.selectById     : ==> Parameters: 8(Long)
2025-04-13 00:24:40.962 DEBUG 30804 --- [http-nio-8080-exec-1] e.c.j.d.mapper.UserMapper.selectById     : <==      Total: 1
2025-04-13 00:24:40.968  INFO 30804 --- [http-nio-8080-exec-1] e.c.jead.demo4.service.UserServiceImpl   : Retrieved user by ID 8: User(uid=8, name=John Doe, gender=MALE, intro=JD, city=BEIJING, photo=/upload/20240330_003824.jpg)
2025-04-13 00:24:41.414  INFO 30804 --- [http-nio-8080-exec-1] e.c.j.demo4.controller.UserController    : Retrieved user by ID 8: User(uid=8, name=John Doe, gender=MALE, intro=JD, city=BEIJING, photo=/upload/20240330_003824.jpg)
2025-04-13 00:27:02.343  INFO 30804 --- [SpringApplicationShutdownHook] com.zaxxer.hikari.HikariDataSource       : HikariPool-1 - Shutdown initiated...
2025-04-13 00:27:02.359  INFO 30804 --- [SpringApplicationShutdownHook] com.zaxxer.hikari.HikariDataSource       : HikariPool-1 - Shutdown completed.
2025-04-14 10:00:23.746  INFO 29752 --- [main] edu.cuit.jead.demo4.Demo4Application     : Starting Demo4Application using Java 18.0.2.1 on DESKTOP-MA74LPU with PID 29752 (D:\Spring Boot\demo4\target\classes started by 18080 in D:\Spring Boot\demo4)
2025-04-14 10:00:23.747 DEBUG 29752 --- [main] edu.cuit.jead.demo4.Demo4Application     : Running with Spring Boot v2.6.13, Spring v5.3.23
2025-04-14 10:00:23.749  INFO 29752 --- [main] edu.cuit.jead.demo4.Demo4Application     : No active profile set, falling back to 1 default profile: "default"
2025-04-14 10:00:24.067  INFO 29752 --- [main] .s.d.r.c.RepositoryConfigurationDelegate : Multiple Spring Data modules found, entering strict repository configuration mode
2025-04-14 10:00:24.069  INFO 29752 --- [main] .s.d.r.c.RepositoryConfigurationDelegate : Bootstrapping Spring Data Redis repositories in DEFAULT mode.
2025-04-14 10:00:24.083  INFO 29752 --- [main] .s.d.r.c.RepositoryConfigurationDelegate : Finished Spring Data repository scanning in 5 ms. Found 0 Redis repository interfaces.
2025-04-14 10:00:24.380  INFO 29752 --- [main] o.s.b.w.embedded.tomcat.TomcatWebServer  : Tomcat initialized with port(s): 8080 (http)
2025-04-14 10:00:24.385  INFO 29752 --- [main] o.apache.catalina.core.StandardService   : Starting service [Tomcat]
2025-04-14 10:00:24.385  INFO 29752 --- [main] org.apache.catalina.core.StandardEngine  : Starting Servlet engine: [Apache Tomcat/9.0.68]
2025-04-14 10:00:24.442  INFO 29752 --- [main] o.a.c.c.C.[Tomcat].[localhost].[/]       : Initializing Spring embedded WebApplicationContext
2025-04-14 10:00:24.442  INFO 29752 --- [main] w.s.c.ServletWebServerApplicationContext : Root WebApplicationContext: initialization completed in 663 ms
2025-04-14 10:00:24.897  INFO 29752 --- [main] o.s.b.a.w.s.WelcomePageHandlerMapping    : Adding welcome page: class path resource [static/index.html]
2025-04-14 10:00:25.002  INFO 29752 --- [main] o.s.b.w.embedded.tomcat.TomcatWebServer  : Tomcat started on port(s): 8080 (http) with context path ''
2025-04-14 10:00:25.006  INFO 29752 --- [main] edu.cuit.jead.demo4.Demo4Application     : Started Demo4Application in 1.442 seconds (JVM running for 1.779)
2025-04-14 10:00:35.905  INFO 29752 --- [http-nio-8080-exec-1] o.a.c.c.C.[Tomcat].[localhost].[/]       : Initializing Spring DispatcherServlet 'dispatcherServlet'
2025-04-14 10:00:35.905  INFO 29752 --- [http-nio-8080-exec-1] o.s.web.servlet.DispatcherServlet        : Initializing Servlet 'dispatcherServlet'
2025-04-14 10:00:35.905  INFO 29752 --- [http-nio-8080-exec-1] o.s.web.servlet.DispatcherServlet        : Completed initialization in 0 ms
2025-04-14 10:00:35.954  INFO 29752 --- [http-nio-8080-exec-1] e.c.j.demo4.controller.UserController    : Creating user: User(uid=null, name=test, gender=test, intro=test, city=test, photo=null)
2025-04-14 10:00:35.984  INFO 29752 --- [http-nio-8080-exec-1] com.zaxxer.hikari.HikariDataSource       : HikariPool-1 - Starting...
2025-04-14 10:00:36.215  INFO 29752 --- [http-nio-8080-exec-1] com.zaxxer.hikari.HikariDataSource       : HikariPool-1 - Start completed.
2025-04-14 10:00:36.219 DEBUG 29752 --- [http-nio-8080-exec-1] e.c.jead.demo4.mapper.UserMapper.insert  : ==>  Preparing: INSERT INTO user ( name, gender, intro, city, photo ) VALUES ( ?, ?, ?, ?, ? )
2025-04-14 10:00:36.242 DEBUG 29752 --- [http-nio-8080-exec-1] e.c.jead.demo4.mapper.UserMapper.insert  : ==> Parameters: test(String), test(String), test(String), test(String), /upload/20241209_234937.jpg(String)
2025-04-14 10:00:36.246 DEBUG 29752 --- [http-nio-8080-exec-1] e.c.jead.demo4.mapper.UserMapper.insert  : <==    Updates: 1
2025-04-14 10:00:36.258  INFO 29752 --- [http-nio-8080-exec-1] e.c.jead.demo4.service.UserServiceImpl   : Saved user: User(uid=3, name=test, gender=test, intro=test, city=test, photo=/upload/20241209_234937.jpg)
2025-04-14 10:00:58.382  INFO 29752 --- [http-nio-8080-exec-5] e.c.j.demo4.controller.UserController    : Deleting user with ID: 3
2025-04-14 10:00:58.386 DEBUG 29752 --- [http-nio-8080-exec-5] e.c.j.d.mapper.UserMapper.selectById     : ==>  Preparing: SELECT uid,name,gender,intro,city,photo FROM user WHERE uid=?
2025-04-14 10:00:58.388 DEBUG 29752 --- [http-nio-8080-exec-5] e.c.j.d.mapper.UserMapper.selectById     : ==> Parameters: 3(Long)
2025-04-14 10:00:58.399 DEBUG 29752 --- [http-nio-8080-exec-5] e.c.j.d.mapper.UserMapper.selectById     : <==      Total: 1
2025-04-14 10:00:58.402 DEBUG 29752 --- [http-nio-8080-exec-5] e.c.j.d.mapper.UserMapper.deleteById     : ==>  Preparing: DELETE FROM user WHERE uid=?
2025-04-14 10:00:58.402 DEBUG 29752 --- [http-nio-8080-exec-5] e.c.j.d.mapper.UserMapper.deleteById     : ==> Parameters: 3(Long)
2025-04-14 10:00:58.405 DEBUG 29752 --- [http-nio-8080-exec-5] e.c.j.d.mapper.UserMapper.deleteById     : <==    Updates: 1
2025-04-14 10:00:58.405  INFO 29752 --- [http-nio-8080-exec-5] e.c.jead.demo4.service.UserServiceImpl   : Successfully deleted user with ID: 3
2025-04-14 10:07:42.491  INFO 29752 --- [SpringApplicationShutdownHook] com.zaxxer.hikari.HikariDataSource       : HikariPool-1 - Shutdown initiated...
2025-04-14 10:07:42.498  INFO 29752 --- [SpringApplicationShutdownHook] com.zaxxer.hikari.HikariDataSource       : HikariPool-1 - Shutdown completed.
2025-04-14 10:27:32.864  INFO 29992 --- [main] edu.cuit.jead.demo4.Demo4Application     : Starting Demo4Application using Java 18.0.2.1 on DESKTOP-MA74LPU with PID 29992 (D:\Spring Boot\demo4\target\classes started by 18080 in D:\Spring Boot\demo4)
2025-04-14 10:27:32.866 DEBUG 29992 --- [main] edu.cuit.jead.demo4.Demo4Application     : Running with Spring Boot v2.6.13, Spring v5.3.23
2025-04-14 10:27:32.867  INFO 29992 --- [main] edu.cuit.jead.demo4.Demo4Application     : No active profile set, falling back to 1 default profile: "default"
2025-04-14 10:27:33.193  INFO 29992 --- [main] .s.d.r.c.RepositoryConfigurationDelegate : Multiple Spring Data modules found, entering strict repository configuration mode
2025-04-14 10:27:33.194  INFO 29992 --- [main] .s.d.r.c.RepositoryConfigurationDelegate : Bootstrapping Spring Data Redis repositories in DEFAULT mode.
2025-04-14 10:27:33.205  INFO 29992 --- [main] .s.d.r.c.RepositoryConfigurationDelegate : Finished Spring Data repository scanning in 4 ms. Found 0 Redis repository interfaces.
2025-04-14 10:27:33.603  INFO 29992 --- [main] o.s.b.w.embedded.tomcat.TomcatWebServer  : Tomcat initialized with port(s): 8080 (http)
2025-04-14 10:27:33.608  INFO 29992 --- [main] o.apache.catalina.core.StandardService   : Starting service [Tomcat]
2025-04-14 10:27:33.608  INFO 29992 --- [main] org.apache.catalina.core.StandardEngine  : Starting Servlet engine: [Apache Tomcat/9.0.68]
2025-04-14 10:27:33.676  INFO 29992 --- [main] o.a.c.c.C.[Tomcat].[localhost].[/]       : Initializing Spring embedded WebApplicationContext
2025-04-14 10:27:33.677  INFO 29992 --- [main] w.s.c.ServletWebServerApplicationContext : Root WebApplicationContext: initialization completed in 780 ms
2025-04-14 10:27:34.174  INFO 29992 --- [main] o.s.b.a.w.s.WelcomePageHandlerMapping    : Adding welcome page: class path resource [static/index.html]
2025-04-14 10:27:34.338  INFO 29992 --- [main] o.s.b.w.embedded.tomcat.TomcatWebServer  : Tomcat started on port(s): 8080 (http) with context path ''
2025-04-14 10:27:34.344  INFO 29992 --- [main] edu.cuit.jead.demo4.Demo4Application     : Started Demo4Application in 1.673 seconds (JVM running for 2.063)
2025-04-14 10:27:44.643  INFO 29992 --- [http-nio-8080-exec-2] o.a.c.c.C.[Tomcat].[localhost].[/]       : Initializing Spring DispatcherServlet 'dispatcherServlet'
2025-04-14 10:27:44.644  INFO 29992 --- [http-nio-8080-exec-2] o.s.web.servlet.DispatcherServlet        : Initializing Servlet 'dispatcherServlet'
2025-04-14 10:27:44.644  INFO 29992 --- [http-nio-8080-exec-2] o.s.web.servlet.DispatcherServlet        : Completed initialization in 0 ms
2025-04-14 10:27:44.658  INFO 29992 --- [http-nio-8080-exec-2] e.c.j.demo4.controller.UserController    : Deleting user with ID: 2
2025-04-14 10:27:44.659  INFO 29992 --- [http-nio-8080-exec-2] edu.cuit.jead.demo4.aop.LoggingAspect    : Entering edu.cuit.jead.demo4.service.UserServiceImpl.deleteUserWithPhoto(1)
2025-04-14 10:27:44.672  INFO 29992 --- [http-nio-8080-exec-2] com.zaxxer.hikari.HikariDataSource       : HikariPool-1 - Starting...
2025-04-14 10:27:44.817  INFO 29992 --- [http-nio-8080-exec-2] com.zaxxer.hikari.HikariDataSource       : HikariPool-1 - Start completed.
2025-04-14 10:27:44.821 DEBUG 29992 --- [http-nio-8080-exec-2] e.c.j.d.mapper.UserMapper.selectById     : ==>  Preparing: SELECT uid,name,gender,intro,city,photo FROM user WHERE uid=?
2025-04-14 10:27:44.833 DEBUG 29992 --- [http-nio-8080-exec-2] e.c.j.d.mapper.UserMapper.selectById     : ==> Parameters: 2(Long)
2025-04-14 10:27:44.846 DEBUG 29992 --- [http-nio-8080-exec-2] e.c.j.d.mapper.UserMapper.selectById     : <==      Total: 1
2025-04-14 10:27:44.849 DEBUG 29992 --- [http-nio-8080-exec-2] e.c.j.d.mapper.UserMapper.deleteById     : ==>  Preparing: DELETE FROM user WHERE uid=?
2025-04-14 10:27:44.849 DEBUG 29992 --- [http-nio-8080-exec-2] e.c.j.d.mapper.UserMapper.deleteById     : ==> Parameters: 2(Long)
2025-04-14 10:27:44.852 DEBUG 29992 --- [http-nio-8080-exec-2] e.c.j.d.mapper.UserMapper.deleteById     : <==    Updates: 1
2025-04-14 10:27:44.852  INFO 29992 --- [http-nio-8080-exec-2] e.c.jead.demo4.service.UserServiceImpl   : Successfully deleted user with ID: 2
2025-04-14 10:27:44.852  INFO 29992 --- [http-nio-8080-exec-2] edu.cuit.jead.demo4.aop.LoggingAspect    : Entering edu.cuit.jead.demo4.service.RedisUserService.quickDelete(1)
2025-04-14 10:27:45.068  INFO 29992 --- [http-nio-8080-exec-2] edu.cuit.jead.demo4.aop.LoggingAspect    : Returning edu.cuit.jead.demo4.service.RedisUserService.quickDeletewith (null)
2025-04-14 10:27:45.068  INFO 29992 --- [http-nio-8080-exec-2] edu.cuit.jead.demo4.aop.LoggingAspect    : Returning edu.cuit.jead.demo4.service.UserServiceImpl.deleteUserWithPhotowith (User 2 deleted successfully)
2025-04-14 10:34:48.582  INFO 29992 --- [SpringApplicationShutdownHook] com.zaxxer.hikari.HikariDataSource       : HikariPool-1 - Shutdown initiated...
2025-04-14 10:34:48.587  INFO 29992 --- [SpringApplicationShutdownHook] com.zaxxer.hikari.HikariDataSource       : HikariPool-1 - Shutdown completed.
2025-04-14 20:36:42.149  INFO 39568 --- [main] edu.cuit.jead.demo4.Demo4Application     : Starting Demo4Application using Java 18.0.2.1 on DESKTOP-MA74LPU with PID 39568 (D:\Spring Boot\demo4\target\classes started by 18080 in D:\Spring Boot\demo4)
2025-04-14 20:36:42.152 DEBUG 39568 --- [main] edu.cuit.jead.demo4.Demo4Application     : Running with Spring Boot v2.6.13, Spring v5.3.23
2025-04-14 20:36:42.152  INFO 39568 --- [main] edu.cuit.jead.demo4.Demo4Application     : No active profile set, falling back to 1 default profile: "default"
2025-04-14 20:36:42.512  INFO 39568 --- [main] .s.d.r.c.RepositoryConfigurationDelegate : Multiple Spring Data modules found, entering strict repository configuration mode
2025-04-14 20:36:42.514  INFO 39568 --- [main] .s.d.r.c.RepositoryConfigurationDelegate : Bootstrapping Spring Data Redis repositories in DEFAULT mode.
2025-04-14 20:36:42.529  INFO 39568 --- [main] .s.d.r.c.RepositoryConfigurationDelegate : Finished Spring Data repository scanning in 5 ms. Found 0 Redis repository interfaces.
2025-04-14 20:36:42.986  INFO 39568 --- [main] o.s.b.w.embedded.tomcat.TomcatWebServer  : Tomcat initialized with port(s): 8080 (http)
2025-04-14 20:36:42.992  INFO 39568 --- [main] o.apache.catalina.core.StandardService   : Starting service [Tomcat]
2025-04-14 20:36:42.992  INFO 39568 --- [main] org.apache.catalina.core.StandardEngine  : Starting Servlet engine: [Apache Tomcat/9.0.68]
2025-04-14 20:36:43.061  INFO 39568 --- [main] o.a.c.c.C.[Tomcat].[localhost].[/]       : Initializing Spring embedded WebApplicationContext
2025-04-14 20:36:43.062  INFO 39568 --- [main] w.s.c.ServletWebServerApplicationContext : Root WebApplicationContext: initialization completed in 875 ms
2025-04-14 20:36:43.650  INFO 39568 --- [main] o.s.b.a.w.s.WelcomePageHandlerMapping    : Adding welcome page: class path resource [static/index.html]
2025-04-14 20:36:43.811  INFO 39568 --- [main] o.s.b.w.embedded.tomcat.TomcatWebServer  : Tomcat started on port(s): 8080 (http) with context path ''
2025-04-14 20:36:43.818  INFO 39568 --- [main] edu.cuit.jead.demo4.Demo4Application     : Started Demo4Application in 1.885 seconds (JVM running for 2.274)
2025-04-14 20:37:19.408  INFO 39568 --- [http-nio-8080-exec-1] o.a.c.c.C.[Tomcat].[localhost].[/]       : Initializing Spring DispatcherServlet 'dispatcherServlet'
2025-04-14 20:37:19.408  INFO 39568 --- [http-nio-8080-exec-1] o.s.web.servlet.DispatcherServlet        : Initializing Servlet 'dispatcherServlet'
2025-04-14 20:37:19.409  INFO 39568 --- [http-nio-8080-exec-1] o.s.web.servlet.DispatcherServlet        : Completed initialization in 1 ms
2025-04-14 20:37:19.427  INFO 39568 --- [http-nio-8080-exec-1] edu.cuit.jead.demo4.aop.LoggingAspect    : Entering edu.cuit.jead.demo4.service.UserServiceImpl.getAllUser(0)
2025-04-14 20:37:19.454  INFO 39568 --- [http-nio-8080-exec-1] com.zaxxer.hikari.HikariDataSource       : HikariPool-1 - Starting...
2025-04-14 20:37:19.719  INFO 39568 --- [http-nio-8080-exec-1] com.zaxxer.hikari.HikariDataSource       : HikariPool-1 - Start completed.
2025-04-14 20:37:19.723 DEBUG 39568 --- [http-nio-8080-exec-1] e.c.j.d.mapper.UserMapper.selectList     : ==>  Preparing: SELECT uid,name,gender,intro,city,photo FROM user
2025-04-14 20:37:19.737 DEBUG 39568 --- [http-nio-8080-exec-1] e.c.j.d.mapper.UserMapper.selectList     : ==> Parameters: 
2025-04-14 20:37:19.752 DEBUG 39568 --- [http-nio-8080-exec-1] e.c.j.d.mapper.UserMapper.selectList     : <==      Total: 0
2025-04-14 20:37:19.756  INFO 39568 --- [http-nio-8080-exec-1] e.c.jead.demo4.service.UserServiceImpl   : Retrieved all users: []
2025-04-14 20:37:19.756  INFO 39568 --- [http-nio-8080-exec-1] edu.cuit.jead.demo4.aop.LoggingAspect    : Returning edu.cuit.jead.demo4.service.UserServiceImpl.getAllUserwith ([])
2025-04-14 20:37:19.756  INFO 39568 --- [http-nio-8080-exec-1] e.c.j.demo4.controller.UserController    : Retrieved all users: []
2025-04-14 20:42:32.259  INFO 39568 --- [SpringApplicationShutdownHook] com.zaxxer.hikari.HikariDataSource       : HikariPool-1 - Shutdown initiated...
2025-04-14 20:42:32.262  INFO 39568 --- [SpringApplicationShutdownHook] com.zaxxer.hikari.HikariDataSource       : HikariPool-1 - Shutdown completed.
2025-04-14 20:42:34.953  INFO 39176 --- [main] edu.cuit.jead.demo4.Demo4Application     : Starting Demo4Application using Java 18.0.2.1 on DESKTOP-MA74LPU with PID 39176 (D:\Spring Boot\demo4\target\classes started by 18080 in D:\Spring Boot\demo4)
2025-04-14 20:42:34.956 DEBUG 39176 --- [main] edu.cuit.jead.demo4.Demo4Application     : Running with Spring Boot v2.6.13, Spring v5.3.23
2025-04-14 20:42:34.956  INFO 39176 --- [main] edu.cuit.jead.demo4.Demo4Application     : No active profile set, falling back to 1 default profile: "default"
2025-04-14 20:42:35.298  INFO 39176 --- [main] .s.d.r.c.RepositoryConfigurationDelegate : Multiple Spring Data modules found, entering strict repository configuration mode
2025-04-14 20:42:35.299  INFO 39176 --- [main] .s.d.r.c.RepositoryConfigurationDelegate : Bootstrapping Spring Data Redis repositories in DEFAULT mode.
2025-04-14 20:42:35.310  INFO 39176 --- [main] .s.d.r.c.RepositoryConfigurationDelegate : Finished Spring Data repository scanning in 4 ms. Found 0 Redis repository interfaces.
2025-04-14 20:42:35.682  INFO 39176 --- [main] o.s.b.w.embedded.tomcat.TomcatWebServer  : Tomcat initialized with port(s): 8080 (http)
2025-04-14 20:42:35.687  INFO 39176 --- [main] o.apache.catalina.core.StandardService   : Starting service [Tomcat]
2025-04-14 20:42:35.687  INFO 39176 --- [main] org.apache.catalina.core.StandardEngine  : Starting Servlet engine: [Apache Tomcat/9.0.68]
2025-04-14 20:42:35.752  INFO 39176 --- [main] o.a.c.c.C.[Tomcat].[localhost].[/]       : Initializing Spring embedded WebApplicationContext
2025-04-14 20:42:35.752  INFO 39176 --- [main] w.s.c.ServletWebServerApplicationContext : Root WebApplicationContext: initialization completed in 763 ms
2025-04-14 20:42:36.277  INFO 39176 --- [main] o.s.b.a.w.s.WelcomePageHandlerMapping    : Adding welcome page: class path resource [static/index.html]
2025-04-14 20:42:36.448  INFO 39176 --- [main] o.s.b.w.embedded.tomcat.TomcatWebServer  : Tomcat started on port(s): 8080 (http) with context path ''
2025-04-14 20:42:36.453  INFO 39176 --- [main] edu.cuit.jead.demo4.Demo4Application     : Started Demo4Application in 1.701 seconds (JVM running for 2.044)
2025-04-14 20:43:11.431  INFO 22436 --- [main] edu.cuit.jead.demo4.Demo4Application     : Starting Demo4Application using Java 18.0.2.1 on DESKTOP-MA74LPU with PID 22436 (D:\Spring Boot\demo4\target\classes started by 18080 in D:\Spring Boot\demo4)
2025-04-14 20:43:11.433 DEBUG 22436 --- [main] edu.cuit.jead.demo4.Demo4Application     : Running with Spring Boot v2.6.13, Spring v5.3.23
2025-04-14 20:43:11.433  INFO 22436 --- [main] edu.cuit.jead.demo4.Demo4Application     : No active profile set, falling back to 1 default profile: "default"
2025-04-14 20:43:11.746  INFO 22436 --- [main] .s.d.r.c.RepositoryConfigurationDelegate : Multiple Spring Data modules found, entering strict repository configuration mode
2025-04-14 20:43:11.746  INFO 22436 --- [main] .s.d.r.c.RepositoryConfigurationDelegate : Bootstrapping Spring Data Redis repositories in DEFAULT mode.
2025-04-14 20:43:11.757  INFO 22436 --- [main] .s.d.r.c.RepositoryConfigurationDelegate : Finished Spring Data repository scanning in 4 ms. Found 0 Redis repository interfaces.
2025-04-14 20:43:12.158  INFO 22436 --- [main] o.s.b.w.embedded.tomcat.TomcatWebServer  : Tomcat initialized with port(s): 8080 (http)
2025-04-14 20:43:12.166  INFO 22436 --- [main] o.apache.catalina.core.StandardService   : Starting service [Tomcat]
2025-04-14 20:43:12.166  INFO 22436 --- [main] org.apache.catalina.core.StandardEngine  : Starting Servlet engine: [Apache Tomcat/9.0.68]
2025-04-14 20:43:12.231  INFO 22436 --- [main] o.a.c.c.C.[Tomcat].[localhost].[/]       : Initializing Spring embedded WebApplicationContext
2025-04-14 20:43:12.231  INFO 22436 --- [main] w.s.c.ServletWebServerApplicationContext : Root WebApplicationContext: initialization completed in 765 ms
2025-04-14 20:43:12.888  INFO 22436 --- [main] o.s.b.w.embedded.tomcat.TomcatWebServer  : Tomcat started on port(s): 8080 (http) with context path ''
2025-04-14 20:43:12.894  INFO 22436 --- [main] edu.cuit.jead.demo4.Demo4Application     : Started Demo4Application in 1.658 seconds (JVM running for 1.971)
2025-04-14 20:55:07.427  INFO 1552 --- [main] edu.cuit.jead.demo4.Demo4Application     : Starting Demo4Application using Java 18.0.2.1 on DESKTOP-MA74LPU with PID 1552 (D:\Spring Boot\demo4\target\classes started by 18080 in D:\Spring Boot\demo4)
2025-04-14 20:55:07.430 DEBUG 1552 --- [main] edu.cuit.jead.demo4.Demo4Application     : Running with Spring Boot v2.6.13, Spring v5.3.23
2025-04-14 20:55:07.431  INFO 1552 --- [main] edu.cuit.jead.demo4.Demo4Application     : No active profile set, falling back to 1 default profile: "default"
2025-04-14 20:55:07.751  INFO 1552 --- [main] .s.d.r.c.RepositoryConfigurationDelegate : Multiple Spring Data modules found, entering strict repository configuration mode
2025-04-14 20:55:07.751  INFO 1552 --- [main] .s.d.r.c.RepositoryConfigurationDelegate : Bootstrapping Spring Data Redis repositories in DEFAULT mode.
2025-04-14 20:55:07.763  INFO 1552 --- [main] .s.d.r.c.RepositoryConfigurationDelegate : Finished Spring Data repository scanning in 4 ms. Found 0 Redis repository interfaces.
2025-04-14 20:55:08.130  INFO 1552 --- [main] o.s.b.w.embedded.tomcat.TomcatWebServer  : Tomcat initialized with port(s): 8080 (http)
2025-04-14 20:55:08.135  INFO 1552 --- [main] o.apache.catalina.core.StandardService   : Starting service [Tomcat]
2025-04-14 20:55:08.135  INFO 1552 --- [main] org.apache.catalina.core.StandardEngine  : Starting Servlet engine: [Apache Tomcat/9.0.68]
2025-04-14 20:55:08.197  INFO 1552 --- [main] o.a.c.c.C.[Tomcat].[localhost].[/]       : Initializing Spring embedded WebApplicationContext
2025-04-14 20:55:08.197  INFO 1552 --- [main] w.s.c.ServletWebServerApplicationContext : Root WebApplicationContext: initialization completed in 730 ms
2025-04-14 20:55:08.863  INFO 1552 --- [main] o.s.b.w.embedded.tomcat.TomcatWebServer  : Tomcat started on port(s): 8080 (http) with context path ''
2025-04-14 20:55:08.869  INFO 1552 --- [main] edu.cuit.jead.demo4.Demo4Application     : Started Demo4Application in 1.657 seconds (JVM running for 1.976)
2025-04-14 20:57:47.362  INFO 584 --- [main] edu.cuit.jead.demo4.Demo4Application     : Starting Demo4Application using Java 18.0.2.1 on DESKTOP-MA74LPU with PID 584 (D:\Spring Boot\demo4\target\classes started by 18080 in D:\Spring Boot\demo4)
2025-04-14 20:57:47.363 DEBUG 584 --- [main] edu.cuit.jead.demo4.Demo4Application     : Running with Spring Boot v2.6.13, Spring v5.3.23
2025-04-14 20:57:47.363  INFO 584 --- [main] edu.cuit.jead.demo4.Demo4Application     : No active profile set, falling back to 1 default profile: "default"
2025-04-14 20:57:47.731  INFO 584 --- [main] .s.d.r.c.RepositoryConfigurationDelegate : Multiple Spring Data modules found, entering strict repository configuration mode
2025-04-14 20:57:47.732  INFO 584 --- [main] .s.d.r.c.RepositoryConfigurationDelegate : Bootstrapping Spring Data Redis repositories in DEFAULT mode.
2025-04-14 20:57:47.743  INFO 584 --- [main] .s.d.r.c.RepositoryConfigurationDelegate : Finished Spring Data repository scanning in 4 ms. Found 0 Redis repository interfaces.
2025-04-14 20:57:48.139  INFO 584 --- [main] o.s.b.w.embedded.tomcat.TomcatWebServer  : Tomcat initialized with port(s): 8080 (http)
2025-04-14 20:57:48.148  INFO 584 --- [main] o.apache.catalina.core.StandardService   : Starting service [Tomcat]
2025-04-14 20:57:48.148  INFO 584 --- [main] org.apache.catalina.core.StandardEngine  : Starting Servlet engine: [Apache Tomcat/9.0.68]
2025-04-14 20:57:48.218  INFO 584 --- [main] o.a.c.c.C.[Tomcat].[localhost].[/]       : Initializing Spring embedded WebApplicationContext
2025-04-14 20:57:48.218  INFO 584 --- [main] w.s.c.ServletWebServerApplicationContext : Root WebApplicationContext: initialization completed in 822 ms
2025-04-14 20:57:48.950  INFO 584 --- [main] o.s.b.w.embedded.tomcat.TomcatWebServer  : Tomcat started on port(s): 8080 (http) with context path ''
2025-04-14 20:57:48.956  INFO 584 --- [main] edu.cuit.jead.demo4.Demo4Application     : Started Demo4Application in 1.785 seconds (JVM running for 2.143)
